-------------------------------------------------------------------------------
Test set: com.syos.application.commands.user.LogoutCommandTest
-------------------------------------------------------------------------------
Tests run: 3, Failures: 1, Errors: 1, Skipped: 0, Time elapsed: 0.010 s <<< FAILURE! -- in com.syos.application.commands.user.LogoutCommandTest
com.syos.application.commands.user.LogoutCommandTest.should_handle_missing_login_time_with_fallback_and_complete_logout_process -- Time elapsed: 0.007 s <<< FAILURE!
org.mockito.exceptions.verification.TooManyActualInvocations: 

mockUser.getUsername();
Wanted 1 time:
-> at com.syos.domain.entities.User.getUsername(User.java:108)
But was 2 times:
-> at com.syos.application.commands.user.LogoutCommand.displaySessionSummary(LogoutCommand.java:65)
-> at com.syos.application.commands.user.LogoutCommand.logLogoutActivity(LogoutCommand.java:92)


	at com.syos.domain.entities.User.getUsername(User.java:108)
	at com.syos.application.commands.user.LogoutCommandTest.should_handle_missing_login_time_with_fallback_and_complete_logout_process(LogoutCommandTest.java:122)
	at java.base/java.lang.reflect.Method.invoke(Method.java:580)
	at java.base/java.util.ArrayList.forEach(ArrayList.java:1597)
	at java.base/java.util.ArrayList.forEach(ArrayList.java:1597)

com.syos.application.commands.user.LogoutCommandTest.should_logout_successfully_and_display_session_summary_when_user_is_logged_in -- Time elapsed: 0.002 s <<< ERROR!
java.lang.IllegalArgumentException: No enum constant com.syos.domain.valueobjects.UserRole.EMPLOYEE
	at java.base/java.lang.Enum.valueOf(Enum.java:293)
	at com.syos.domain.valueobjects.UserRole.valueOf(UserRole.java:3)
	at com.syos.application.commands.user.LogoutCommandTest.should_logout_successfully_and_display_session_summary_when_user_is_logged_in(LogoutCommandTest.java:48)
	at java.base/java.lang.reflect.Method.invoke(Method.java:580)
	at java.base/java.util.ArrayList.forEach(ArrayList.java:1597)
	at java.base/java.util.ArrayList.forEach(ArrayList.java:1597)

