<?xml version="1.0" encoding="UTF-8"?>
<testsuite xmlns:xsi="http://www.w3.org/2001/XMLSchema-instance" xsi:noNamespaceSchemaLocation="https://maven.apache.org/surefire/maven-surefire-plugin/xsd/surefire-test-report-3.0.xsd" version="3.0" name="com.syos.application.commands.sales.CreateSaleCommandTest" time="0.708" tests="13" errors="0" skipped="0" failures="0">
  <properties>
[...]
</properties>
  <testcase name="should_show_error_when_item_not_available_for_sale" classname="com.syos.application.commands.sales.CreateSaleCommandTest" time="0.625">
    <system-out><![CDATA[
============================================================
AVAILABLE ITEMS
============================================================
Code            Name                                Price      Stock
------------------------------------------------------------
ITEM001         Test Item                      $    10.00         50
------------------------------------------------------------


]]></system-out>
    <system-err><![CDATA[WARNING: A Java agent has been loaded dynamically (/Users/chizzydizzy/.m2/repository/net/bytebuddy/byte-buddy-agent/1.14.10/byte-buddy-agent-1.14.10.jar)
WARNING: If a serviceability tool is in use, please run with -XX:+EnableDynamicAgentLoading to hide this warning
WARNING: If a serviceability tool is not in use, please run with -Djdk.instrument.traceUsage for more information
WARNING: Dynamic loading of agents will be disallowed by default in a future release
]]></system-err>
  </testcase>
  <testcase name="should_convert_item_code_to_uppercase_and_add_item_successfully" classname="com.syos.application.commands.sales.CreateSaleCommandTest" time="0.009">
    <system-out><![CDATA[
============================================================
AVAILABLE ITEMS
============================================================
Code            Name                                Price      Stock
------------------------------------------------------------
ITEM001         Test Item                      $    10.00         50
------------------------------------------------------------



==================================================
PAYMENT
==================================================
]]></system-out>
  </testcase>
  <testcase name="should_handle_item_not_found_exception_when_adding_item" classname="com.syos.application.commands.sales.CreateSaleCommandTest" time="0.006">
    <system-out><![CDATA[
============================================================
AVAILABLE ITEMS
============================================================
Code            Name                                Price      Stock
------------------------------------------------------------
ITEM001         Test Item                      $    10.00         50
------------------------------------------------------------


]]></system-out>
  </testcase>
  <testcase name="should_return_correct_description_for_command" classname="com.syos.application.commands.sales.CreateSaleCommandTest" time="0.004"/>
  <testcase name="should_handle_generic_exception_when_adding_item" classname="com.syos.application.commands.sales.CreateSaleCommandTest" time="0.005">
    <system-out><![CDATA[
============================================================
AVAILABLE ITEMS
============================================================
Code            Name                                Price      Stock
------------------------------------------------------------
ITEM001         Test Item                      $    10.00         50
------------------------------------------------------------


]]></system-out>
  </testcase>
  <testcase name="should_handle_insufficient_stock_exception_when_adding_item" classname="com.syos.application.commands.sales.CreateSaleCommandTest" time="0.005">
    <system-out><![CDATA[
============================================================
AVAILABLE ITEMS
============================================================
Code            Name                                Price      Stock
------------------------------------------------------------
ITEM001         Test Item                      $    10.00         50
------------------------------------------------------------


]]></system-out>
  </testcase>
  <testcase name="should_show_error_and_cancel_sale_when_no_items_added" classname="com.syos.application.commands.sales.CreateSaleCommandTest" time="0.005">
    <system-out><![CDATA[
============================================================
AVAILABLE ITEMS
============================================================
Code            Name                                Price      Stock
------------------------------------------------------------
ITEM001         Test Item                      $    10.00         50
------------------------------------------------------------

]]></system-out>
  </testcase>
  <testcase name="should_show_error_when_cash_amount_is_insufficient" classname="com.syos.application.commands.sales.CreateSaleCommandTest" time="0.005">
    <system-out><![CDATA[
============================================================
AVAILABLE ITEMS
============================================================
Code            Name                                Price      Stock
------------------------------------------------------------
ITEM001         Test Item                      $    10.00         50
------------------------------------------------------------



==================================================
PAYMENT
==================================================
]]></system-out>
  </testcase>
  <testcase name="should_show_error_when_quantity_is_zero_or_negative" classname="com.syos.application.commands.sales.CreateSaleCommandTest" time="0.003">
    <system-out><![CDATA[
============================================================
AVAILABLE ITEMS
============================================================
Code            Name                                Price      Stock
------------------------------------------------------------
ITEM001         Test Item                      $    10.00         50
------------------------------------------------------------



]]></system-out>
  </testcase>
  <testcase name="should_handle_empty_sale_exception_during_payment_processing" classname="com.syos.application.commands.sales.CreateSaleCommandTest" time="0.006">
    <system-out><![CDATA[
============================================================
AVAILABLE ITEMS
============================================================
Code            Name                                Price      Stock
------------------------------------------------------------
ITEM001         Test Item                      $    10.00         50
------------------------------------------------------------



==================================================
PAYMENT
==================================================
]]></system-out>
  </testcase>
  <testcase name="should_show_warning_when_no_items_available_for_sale" classname="com.syos.application.commands.sales.CreateSaleCommandTest" time="0.004">
    <system-out><![CDATA[
============================================================
AVAILABLE ITEMS
============================================================

]]></system-out>
  </testcase>
  <testcase name="should_show_sale_header_and_available_items_when_command_starts" classname="com.syos.application.commands.sales.CreateSaleCommandTest" time="0.004">
    <system-out><![CDATA[
============================================================
AVAILABLE ITEMS
============================================================
Code            Name                                Price      Stock
------------------------------------------------------------
ITEM001         Test Item                      $    10.00         50
------------------------------------------------------------

]]></system-out>
  </testcase>
  <testcase name="should_complete_sale_successfully_with_valid_payment" classname="com.syos.application.commands.sales.CreateSaleCommandTest" time="0.003">
    <system-out><![CDATA[
============================================================
AVAILABLE ITEMS
============================================================
Code            Name                                Price      Stock
------------------------------------------------------------
ITEM001         Test Item                      $    10.00         50
------------------------------------------------------------



==================================================
PAYMENT
==================================================
]]></system-out>
  </testcase>
</testsuite>