<?xml version="1.0" encoding="UTF-8"?>
<testsuite xmlns:xsi="http://www.w3.org/2001/XMLSchema-instance" xsi:noNamespaceSchemaLocation="https://maven.apache.org/surefire/maven-surefire-plugin/xsd/surefire-test-report-3.0.xsd" version="3.0" name="com.syos.application.commands.user.LogoutCommandTest" time="0.01" tests="3" errors="1" skipped="0" failures="1">
  <properties>
[...]
</properties>
  <testcase name="should_handle_missing_login_time_with_fallback_and_complete_logout_process" classname="com.syos.application.commands.user.LogoutCommandTest" time="0.007">
    <failure message="&#10;mockUser.getUsername();&#10;Wanted 1 time:&#10;-&gt; at com.syos.domain.entities.User.getUsername(User.java:108)&#10;But was 2 times:&#10;-&gt; at com.syos.application.commands.user.LogoutCommand.displaySessionSummary(LogoutCommand.java:65)&#10;-&gt; at com.syos.application.commands.user.LogoutCommand.logLogoutActivity(LogoutCommand.java:92)&#10;&#10;" type="org.mockito.exceptions.verification.TooManyActualInvocations"><![CDATA[org.mockito.exceptions.verification.TooManyActualInvocations: 

mockUser.getUsername();
Wanted 1 time:
-> at com.syos.domain.entities.User.getUsername(User.java:108)
But was 2 times:
-> at com.syos.application.commands.user.LogoutCommand.displaySessionSummary(LogoutCommand.java:65)
-> at com.syos.application.commands.user.LogoutCommand.logLogoutActivity(LogoutCommand.java:92)


	at com.syos.domain.entities.User.getUsername(User.java:108)
	at com.syos.application.commands.user.LogoutCommandTest.should_handle_missing_login_time_with_fallback_and_complete_logout_process(LogoutCommandTest.java:122)
	at java.base/java.lang.reflect.Method.invoke(Method.java:580)
	at java.base/java.util.ArrayList.forEach(ArrayList.java:1597)
	at java.base/java.util.ArrayList.forEach(ArrayList.java:1597)
]]></failure>
    <system-out><![CDATA[
==================================================
Session Summary
==================================================
User: testuser
Role: MANAGER
Login Time: 2025-06-05 15:41:41
Logout Time: 2025-06-05 15:41:41
Session Duration: 0 seconds
==================================================
Logout recorded: testuser at 2025-06-05T15:41:41.270792
]]></system-out>
  </testcase>
  <testcase name="should_show_error_message_when_no_user_is_logged_in" classname="com.syos.application.commands.user.LogoutCommandTest" time="0.001"/>
  <testcase name="should_logout_successfully_and_display_session_summary_when_user_is_logged_in" classname="com.syos.application.commands.user.LogoutCommandTest" time="0.002">
    <error message="No enum constant com.syos.domain.valueobjects.UserRole.EMPLOYEE" type="java.lang.IllegalArgumentException"><![CDATA[java.lang.IllegalArgumentException: No enum constant com.syos.domain.valueobjects.UserRole.EMPLOYEE
	at java.base/java.lang.Enum.valueOf(Enum.java:293)
	at com.syos.domain.valueobjects.UserRole.valueOf(UserRole.java:3)
	at com.syos.application.commands.user.LogoutCommandTest.should_logout_successfully_and_display_session_summary_when_user_is_logged_in(LogoutCommandTest.java:48)
	at java.base/java.lang.reflect.Method.invoke(Method.java:580)
	at java.base/java.util.ArrayList.forEach(ArrayList.java:1597)
	at java.base/java.util.ArrayList.forEach(ArrayList.java:1597)
]]></error>
  </testcase>
</testsuite>