<?xml version="1.0" encoding="UTF-8"?>
<testsuite xmlns:xsi="http://www.w3.org/2001/XMLSchema-instance" xsi:noNamespaceSchemaLocation="https://maven.apache.org/surefire/maven-surefire-plugin/xsd/surefire-test-report-3.0.xsd" version="3.0" name="com.syos.application.commands.user.LoginCommandTest" time="0.023" tests="3" errors="0" skipped="0" failures="1">
  <properties>
[...]
</properties>
  <testcase name="should_handle_already_logged_in_user_and_offer_logout_option" classname="com.syos.application.commands.user.LoginCommandTest" time="0.015">
    <failure message="&#10;Wanted but not invoked:&#10;presenter.showInfo(&#10;    &quot;Already logged in as: currentuser&quot;&#10;);&#10;-&gt; at com.syos.infrastructure.ui.presenters.UserPresenter.showInfo(UserPresenter.java:35)&#10;&#10;However, there were exactly 2 interactions with this mock:&#10;presenter.showHeader(&quot;User Login&quot;);&#10;-&gt; at com.syos.application.commands.user.LoginCommand.execute(LoginCommand.java:42)&#10;&#10;presenter.showLoginSuccess(&#10;    Mock for User, hashCode: 1454136448&#10;);&#10;-&gt; at com.syos.application.commands.user.LoginCommand.execute(LoginCommand.java:61)&#10;&#10;" type="Wanted but not invoked"><![CDATA[Wanted but not invoked:
presenter.showInfo(
    "Already logged in as: currentuser"
);
-> at com.syos.infrastructure.ui.presenters.UserPresenter.showInfo(UserPresenter.java:35)

However, there were exactly 2 interactions with this mock:
presenter.showHeader("User Login");
-> at com.syos.application.commands.user.LoginCommand.execute(LoginCommand.java:42)

presenter.showLoginSuccess(
    Mock for User, hashCode: 1454136448
);
-> at com.syos.application.commands.user.LoginCommand.execute(LoginCommand.java:61)


	at com.syos.infrastructure.ui.presenters.UserPresenter.showInfo(UserPresenter.java:35)
	at com.syos.application.commands.user.LoginCommandTest.should_handle_already_logged_in_user_and_offer_logout_option(LoginCommandTest.java:149)
	at java.base/java.lang.reflect.Method.invoke(Method.java:580)
	at java.base/java.util.ArrayList.forEach(ArrayList.java:1597)
	at java.base/java.util.ArrayList.forEach(ArrayList.java:1597)
]]></failure>
    <system-out><![CDATA[Password: 
Your Permissions:
==============================
✓ Process Sales
✓ Manage Inventory
✓ View Reports
==============================
Login recorded: newuser at 2025-06-05T15:41:41.248206
]]></system-out>
  </testcase>
  <testcase name="should_deny_access_after_maximum_login_attempts_exceeded" classname="com.syos.application.commands.user.LoginCommandTest" time="0.003">
    <system-out><![CDATA[Password: Password: Password: Failed login attempt recorded at 2025-06-05T15:41:41.260602
]]></system-out>
  </testcase>
  <testcase name="should_login_successfully_and_show_user_permissions_when_valid_credentials_provided" classname="com.syos.application.commands.user.LoginCommandTest" time="0.003">
    <system-out><![CDATA[Password: 
Your Permissions:
==============================
✓ Process Sales
✓ View Reports
==============================
Login recorded: testuser at 2025-06-05T15:41:41.263065
]]></system-out>
  </testcase>
</testsuite>