<?xml version="1.0" encoding="UTF-8"?>
<testsuite xmlns:xsi="http://www.w3.org/2001/XMLSchema-instance" xsi:noNamespaceSchemaLocation="https://maven.apache.org/surefire/maven-surefire-plugin/xsd/surefire-test-report-3.0.xsd" version="3.0" name="com.syos.domain.valueobjects.MoneyTest" time="0.03" tests="14" errors="0" skipped="0" failures="0">
  <properties>
[...]
</properties>
  <testcase name="should_round_to_two_decimal_places" classname="com.syos.domain.valueobjects.MoneyTest" time="0.0"/>
  <testcase name="should_implement_equals_and_hashcode" classname="com.syos.domain.valueobjects.MoneyTest" time="0.001"/>
  <testcase name="should_create_money_with_zero_amount" classname="com.syos.domain.valueobjects.MoneyTest" time="0.002"/>
  <testcase name="should_subtract_money_values" classname="com.syos.domain.valueobjects.MoneyTest" time="0.002"/>
  <testcase name="should_throw_exception_for_null_amount" classname="com.syos.domain.valueobjects.MoneyTest" time="0.001"/>
  <testcase name="should_add_money_values_correctly(String, String, String)[1]" classname="com.syos.domain.valueobjects.MoneyTest" time="0.001"/>
  <testcase name="should_add_money_values_correctly(String, String, String)[2]" classname="com.syos.domain.valueobjects.MoneyTest" time="0.002"/>
  <testcase name="should_add_money_values_correctly(String, String, String)[3]" classname="com.syos.domain.valueobjects.MoneyTest" time="0.001"/>
  <testcase name="should_create_money_with_valid_positive_amount" classname="com.syos.domain.valueobjects.MoneyTest" time="0.001"/>
  <testcase name="should_multiply_money_by_quantity(int)[1]" classname="com.syos.domain.valueobjects.MoneyTest" time="0.003"/>
  <testcase name="should_multiply_money_by_quantity(int)[2]" classname="com.syos.domain.valueobjects.MoneyTest" time="0.001"/>
  <testcase name="should_multiply_money_by_quantity(int)[3]" classname="com.syos.domain.valueobjects.MoneyTest" time="0.0"/>
  <testcase name="should_multiply_money_by_quantity(int)[4]" classname="com.syos.domain.valueobjects.MoneyTest" time="0.0"/>
  <testcase name="should_multiply_money_by_quantity(int)[5]" classname="com.syos.domain.valueobjects.MoneyTest" time="0.001"/>
</testsuite>